[2020-04-04 14:11:03] START
[2020-04-04 14:18:01] EDIT tess/views/default/index.html: -38
[2020-04-04 14:29:58] CREATE tesslayout.html: 0
[2020-04-04 14:31:33] EDIT tess/views/tesslayout.html: 34
[2020-04-04 14:31:41] EDIT tess/views/tesslayout.html: 8
[2020-04-04 14:31:54] EDIT tess/views/default/index.html: -7
[2020-04-04 14:32:20] EDIT tess/views/tesslayout.html: -7
[2020-04-04 14:32:39] EDIT tess/views/default/index.html: 4
[2020-04-04 14:33:11] EDIT tess/views/tesslayout.html: 0
[2020-04-04 14:34:12] EDIT tess/views/default/index.html: 3
[2020-04-04 14:36:37] EDIT tess/views/default/index.html: 2
[2020-04-04 14:36:55] EDIT tess/views/default/index.html: 1
[2020-04-04 14:38:12] EDIT tess/views/default/index.html: 2
[2020-04-04 14:40:41] EDIT tess/views/default/index.html: 0
[2020-04-04 14:40:52] EDIT tess/views/default/index.html: 0
[2020-04-04 14:41:15] EDIT tess/views/default/index.html: 0
[2020-04-04 14:42:19] EDIT tess/views/default/index.html: 0
[2020-04-04 14:42:43] EDIT tess/views/default/index.html: 0
[2020-04-04 14:43:06] EDIT tess/views/default/index.html: 1
[2020-04-04 14:44:17] EDIT tess/views/default/index.html: -2
[2020-04-04 14:45:08] EDIT tess/views/default/index.html: 0
[2020-04-04 14:48:46] EDIT tess/views/default/index.html: -2
[2020-04-04 14:49:32] EDIT tess/views/default/index.html: 0
[2020-04-04 14:49:35] EDIT tess/views/default/index.html: 0
[2020-04-04 14:50:11] EDIT tess/views/default/index.html: 0
[2020-04-04 14:50:49] EDIT tess/views/default/index.html: 0
[2020-04-04 14:51:04] EDIT tess/controllers/default.py: 2
[2020-04-04 14:51:27] EDIT tess/views/default/index.html: 0
[2020-04-04 14:52:00] CREATE process.html: 0
[2020-04-04 14:52:22] EDIT tess/views/process.html: 3
[2020-04-04 14:53:09] EDIT tess/controllers/default.py: 3
[2020-04-04 14:53:40] EDIT tess/controllers/default.py: 0
[2020-04-04 14:53:44] EDIT tess/views/default/index.html: 0
[2020-04-04 14:53:46] EDIT tess/views/tesslayout.html: 0
[2020-04-04 14:54:06] EDIT tess/views/default/index.html: 0
[2020-04-04 14:54:59] EDIT tess/views/default/index.html: 0
[2020-04-04 14:55:53] EDIT tess/views/default/index.html: 0
[2020-04-04 14:56:15] EDIT tess/views/process.html: 0
[2020-04-04 14:57:12] CREATE default/process.html: 0
[2020-04-04 14:57:20] DELETE tess/views/process.html: -6
[2020-04-04 14:57:27] EDIT tess/views/default/process.html: 3
[2020-04-04 14:58:46] EDIT tess/controllers/default.py: 1
[2020-04-04 14:58:52] EDIT tess/controllers/default.py: 0
[2020-04-04 14:58:56] EDIT tess/views/default/process.html: 0
[2020-04-04 14:59:10] EDIT tess/controllers/default.py: 1
[2020-04-04 15:00:18] EDIT tess/controllers/default.py: 0
[2020-04-04 15:09:48] EDIT tess/controllers/default.py: 0
[2020-04-04 15:14:15] EDIT tess/views/default/index.html: 0
[2020-04-04 15:14:54] EDIT tess/views/default/index.html: 0
[2020-04-04 15:18:13] EDIT tess/controllers/default.py: 0
[2020-04-04 15:19:04] EDIT tess/controllers/default.py: 1
[2020-04-04 15:20:08] EDIT tess/controllers/default.py: 0
[2020-04-04 15:22:16] EDIT tess/controllers/default.py: 0
[2020-04-04 15:22:20] EDIT tess/views/default/process.html: 0
[2020-04-04 15:22:30] EDIT tess/views/default/process.html: 0
[2020-04-04 15:23:04] EDIT tess/controllers/default.py: 0
[2020-04-04 15:23:26] EDIT tess/controllers/default.py: 0
[2020-04-05 13:50:57] EDIT tess/controllers/default.py: 0
[2020-04-05 13:53:57] EDIT tess/controllers/default.py: 0
[2020-04-05 14:02:00] EDIT tess/views/default/process.html: 0
[2020-04-05 14:17:32] EDIT tess/controllers/default.py: 4
[2020-04-05 14:29:40] EDIT tess/controllers/default.py: 0
[2020-04-05 14:30:23] EDIT tess/views/default/process.html: 1
[2020-04-05 14:32:49] EDIT tess/controllers/default.py: -1
[2020-04-05 14:33:10] EDIT tess/views/default/process.html: -1
[2020-04-05 14:33:25] EDIT tess/controllers/default.py: 0
[2020-04-05 14:33:55] EDIT tess/controllers/default.py: 0
[2020-04-05 14:34:41] EDIT tess/views/default/process.html: 0
[2020-04-05 14:36:43] EDIT tess/controllers/default.py: 2
[2020-04-05 14:36:45] EDIT tess/controllers/default.py: 0
[2020-04-05 14:37:04] EDIT tess/views/default/process.html: 2
[2020-04-05 14:37:32] EDIT tess/controllers/default.py: 0
[2020-04-05 14:38:05] EDIT tess/controllers/default.py: 4
[2020-04-05 14:42:23] EDIT tess/controllers/default.py: 0
[2020-04-05 14:44:13] EDIT tess/views/default/process.html: 1
[2020-04-05 14:44:23] EDIT tess/controllers/default.py: 0
[2020-04-05 14:46:46] EDIT tess/views/default/process.html: 0
[2020-04-05 14:53:54] EDIT tess/views/default/index.html: 0
[2020-04-05 14:54:18] EDIT tess/controllers/default.py: 0
[2020-04-05 14:55:52] EDIT tess/controllers/default.py: 0
[2020-04-05 14:57:05] EDIT tess/controllers/default.py: 0
[2020-04-05 14:59:01] EDIT tess/views/default/index.html: 0
[2020-04-05 15:00:41] EDIT tess/controllers/default.py: 1
[2020-04-05 15:01:15] EDIT tess/views/default/process.html: -2
[2020-04-05 15:03:01] EDIT tess/controllers/default.py: 4
[2020-04-05 15:03:10] EDIT tess/controllers/default.py: 0
[2020-04-05 15:03:29] EDIT tess/controllers/default.py: 0
[2020-04-05 15:04:19] EDIT tess/controllers/default.py: 6
[2020-04-05 15:05:17] EDIT tess/controllers/default.py: 0
[2020-04-05 15:08:19] EDIT tess/controllers/default.py: 1
[2020-04-05 15:08:33] EDIT tess/controllers/default.py: -1
[2020-04-05 15:09:56] EDIT tess/views/default/process.html: 2
[2020-04-05 15:10:20] EDIT tess/views/default/process.html: 0
[2020-04-05 15:11:27] EDIT tess/controllers/default.py: 2
[2020-04-05 15:11:37] EDIT tess/controllers/default.py: 1
[2020-04-05 15:16:51] EDIT tess/controllers/default.py: 0
[2020-04-05 15:18:27] EDIT tess/views/default/process.html: 0
[2020-04-05 15:18:58] EDIT tess/views/default/process.html: 0
[2020-04-05 15:19:07] EDIT tess/views/default/process.html: 0
[2020-04-05 15:38:56] EDIT tess/controllers/default.py: 5
[2020-04-05 15:40:54] EDIT tess/controllers/default.py: 0
[2020-04-05 15:41:34] EDIT tess/controllers/default.py: 0
[2020-04-05 15:42:42] EDIT tess/controllers/default.py: 4
[2020-04-05 15:43:12] EDIT tess/controllers/default.py: 2
[2020-04-05 15:43:43] EDIT tess/views/default/process.html: -2
[2020-04-05 15:44:11] EDIT tess/controllers/default.py: 0
[2020-04-05 15:44:58] EDIT tess/controllers/default.py: 0
[2020-04-05 15:45:30] EDIT tess/views/default/process.html: 0
[2020-04-05 15:47:15] EDIT tess/views/default/process.html: 0
[2020-04-05 15:47:34] EDIT tess/controllers/default.py: 0
[2020-04-05 15:47:58] EDIT tess/views/default/process.html: -1
[2020-04-05 15:51:59] EDIT tess/controllers/default.py: 0
[2020-04-05 15:53:08] EDIT tess/controllers/default.py: 0
[2020-04-05 15:54:49] EDIT tess/controllers/default.py: 0
[2020-04-05 15:57:39] EDIT tess/controllers/default.py: 1
[2020-04-05 15:59:20] EDIT tess/controllers/default.py: 2
[2020-04-05 16:02:10] EDIT tess/controllers/default.py: -1
[2020-04-05 16:03:21] EDIT tess/controllers/default.py: 0
[2020-04-05 16:05:08] EDIT tess/controllers/default.py: 1
[2020-04-05 16:56:34] EDIT tess/views/default/index.html: 5
[2020-04-05 16:57:13] EDIT tess/controllers/default.py: -3
[2020-04-05 16:57:42] EDIT tess/controllers/default.py: 2
[2020-04-05 16:58:06] EDIT tess/controllers/default.py: 0
[2020-04-05 17:01:18] EDIT tess/controllers/default.py: -8
[2020-04-05 17:01:42] EDIT tess/controllers/default.py: 2
[2020-04-05 17:02:18] EDIT tess/views/default/index.html: 1
[2020-04-05 17:02:27] EDIT tess/controllers/default.py: 0
[2020-04-05 17:02:30] EDIT tess/controllers/default.py: 0
[2020-04-05 17:02:51] EDIT tess/controllers/default.py: -13
[2020-04-05 17:03:02] EDIT tess/views/default/process.html: 0
[2020-04-05 17:03:23] EDIT tess/views/default/index.html: 1
[2020-04-05 17:03:29] EDIT tess/views/default/index.html: 0
[2020-04-05 17:04:16] EDIT tess/views/default/index.html: -6
[2020-04-05 17:05:23] EDIT tess/controllers/default.py: 0
[2020-04-05 17:05:28] EDIT tess/views/default/process.html: 0
[2020-04-05 17:07:37] EDIT tess/views/default/index.html: 4
[2020-04-05 17:07:46] EDIT tess/views/default/index.html: 1
[2020-04-05 17:07:52] EDIT tess/views/default/index.html: 0
[2020-04-05 17:08:09] EDIT tess/controllers/default.py: -1
[2020-04-05 17:09:17] EDIT tess/controllers/default.py: 2
[2020-04-05 17:09:31] EDIT tess/views/default/index.html: 0
[2020-04-05 17:10:37] EDIT tess/views/default/index.html: -5
[2020-04-05 17:10:52] EDIT tess/views/default/process.html: 0
[2020-04-05 17:11:12] EDIT tess/views/default/process.html: 2
[2020-04-05 17:11:23] EDIT tess/views/default/process.html: -2
[2020-04-05 17:11:43] EDIT tess/controllers/default.py: -2
[2020-04-05 17:12:14] EDIT tess/controllers/default.py: 1
[2020-04-05 17:12:47] EDIT tess/views/default/process.html: 0
[2020-04-05 17:14:15] EDIT tess/views/default/process.html: 0
[2020-04-05 17:14:56] EDIT tess/views/default/process.html: 0
[2020-04-05 17:15:19] EDIT tess/views/default/process.html: 10
[2020-04-05 17:16:15] EDIT tess/views/default/process.html: -10
[2020-04-05 17:17:13] EDIT tess/views/default/process.html: 3
[2020-04-05 17:17:20] EDIT tess/views/default/process.html: 0
[2020-04-05 17:17:44] EDIT tess/views/default/process.html: 0
[2020-04-05 17:19:29] EDIT tess/views/default/process.html: 0
[2020-04-05 17:20:53] EDIT tess/views/default/process.html: 0
[2020-04-05 17:21:41] EDIT tess/views/default/process.html: 0
[2020-04-05 17:22:00] EDIT tess/views/default/process.html: 0
[2020-04-05 17:40:26] EDIT tess/controllers/default.py: 3
[2020-04-05 17:41:22] EDIT tess/controllers/default.py: 0
[2020-04-05 17:41:46] EDIT tess/controllers/default.py: 1
[2020-04-05 17:42:56] EDIT tess/controllers/default.py: 0
[2020-04-05 17:45:37] EDIT tess/controllers/default.py: 16
[2020-04-05 17:48:51] EDIT tess/controllers/default.py: 6
[2020-04-05 17:49:24] EDIT tess/controllers/default.py: 5
[2020-04-05 17:49:44] EDIT tess/controllers/default.py: 0
[2020-04-05 17:50:39] EDIT tess/controllers/default.py: 0
[2020-04-05 21:51:39] EDIT tess/controllers/default.py: 0
[2020-04-05 21:55:55] EDIT tess/controllers/default.py: 1
[2020-04-05 22:01:45] EDIT tess/controllers/default.py: 0
[2020-04-05 22:02:11] EDIT tess/controllers/default.py: 0
[2020-04-05 22:02:21] EDIT tess/controllers/default.py: 0
[2020-04-05 22:02:46] EDIT tess/controllers/default.py: -1
[2020-04-05 22:03:05] EDIT tess/controllers/default.py: 0
[2020-04-05 22:03:43] EDIT tess/controllers/default.py: 1
[2020-04-05 22:04:08] EDIT tess/controllers/default.py: 0
[2020-04-05 22:04:21] EDIT tess/controllers/default.py: 0
[2020-04-05 22:04:32] EDIT tess/controllers/default.py: 0
[2020-04-05 22:04:59] EDIT tess/controllers/default.py: 0
[2020-04-05 22:07:21] EDIT tess/controllers/default.py: 1
[2020-04-05 22:08:00] EDIT tess/controllers/default.py: 0
[2020-04-06 09:40:14] CREATE tess.py: 0
[2020-04-06 09:41:32] EDIT tess/modules/tess.py: 11
[2020-04-06 09:41:42] EDIT tess/modules/tess.py: 0
[2020-04-06 09:51:02] EDIT tess/controllers/default.py: 2
[2020-04-06 09:51:13] EDIT tess/controllers/default.py: 0
[2020-04-06 09:54:25] EDIT tess/modules/tess.py: -1
[2020-04-06 09:54:32] EDIT tess/modules/tess.py: 0
[2020-04-06 09:55:28] EDIT tess/modules/tess.py: 0
[2020-04-06 09:56:32] EDIT tess/modules/tess.py: 0
[2020-04-06 09:56:43] EDIT tess/modules/tess.py: 0
[2020-04-06 10:11:29] EDIT tess/modules/tess.py: 3
[2020-04-06 10:17:59] EDIT tess/modules/tess.py: 2
[2020-04-06 10:19:09] EDIT tess/modules/tess.py: 0
[2020-04-06 16:22:44] EDIT tess/controllers/default.py: 0
